*** Using Compiler 'V5.06 update 7 (build 960)', folder: 'D:\KeilMDKArm\ARM\ARMCC\Bin'
Build target 'Target 1'
assembling startup_stm32f10x_md.s...
compiling core_cm3.c...
compiling stm32f10x_cec.c...
compiling stm32f10x_crc.c...
compiling stm32f10x_it.c...
compiling stm32f10x_bkp.c...
compiling misc.c...
compiling stm32f10x_adc.c...
compiling system_stm32f10x.c...
compiling stm32f10x_can.c...
compiling main.c...
.\Hardware\FFTADC.h(6): warning:  #1295-D: Deprecated declaration Adc1_Init - give arg types
  void Adc1_Init();
.\Hardware\FFTADC.h(8): warning:  #1295-D: Deprecated declaration FFT - give arg types
  void FFT();
User\main.c(13): warning:  #550-D: variable "a"  was set but never used
  	unsigned char a=0,K,State=0,Last_State=0,t;
User\main.c: 3 warnings, 0 errors
compiling stm32f10x_dac.c...
compiling stm32f10x_dbgmcu.c...
compiling stm32f10x_dma.c...
compiling stm32f10x_exti.c...
compiling stm32f10x_iwdg.c...
compiling stm32f10x_pwr.c...
compiling stm32f10x_i2c.c...
compiling stm32f10x_rtc.c...
compiling stm32f10x_gpio.c...
compiling stm32f10x_flash.c...
compiling stm32f10x_fsmc.c...
compiling stm32f10x_rcc.c...
assembling cr4_fft_256_stm32.s...
compiling stm32f10x_sdio.c...
assembling cr4_fft_1024_stm32.s...
compiling stm32f10x_spi.c...
compiling stm32f10x_usart.c...
compiling stm32f10x_wwdg.c...
compiling SPI.c...
compiling Delay.c...
compiling Key.c...
compiling SPIOled.c...
compiling stm32f10x_tim.c...
compiling FFT_ADC.c...
Hardware\FFTADC.h(6): warning:  #1295-D: Deprecated declaration Adc1_Init - give arg types
  void Adc1_Init();
Hardware\FFTADC.h(8): warning:  #1295-D: Deprecated declaration FFT - give arg types
  void FFT();
Hardware\FFT_ADC.c(149): warning:  #167-D: argument of type "long *" is incompatible with parameter of type "unsigned int *"
  	display(lBufMagArray);
Hardware\FFT_ADC.c(145): warning:  #177-D: variable "i"  was declared but never referenced
  	unsigned char i=0,flag=0;
Hardware\FFT_ADC.c(145): warning:  #177-D: variable "flag"  was declared but never referenced
  	unsigned char i=0,flag=0;
Hardware\FFT_ADC.c(22): warning:  #177-D: variable "BandValues"  was declared but never referenced
  static long BandValues[32]={0};
Hardware\FFT_ADC.c(23): warning:  #177-D: variable "OldHeight"  was declared but never referenced
  static int OldHeight[32]={0};
Hardware\FFT_ADC.c(24): warning:  #177-D: variable "Height"  was declared but never referenced
  static int Height[32]={0}; 
Hardware\FFT_ADC.c(25): warning:  #177-D: variable "adc_dma_flag"  was declared but never referenced
  static uint8_t adc_dma_flag = 0;					//adc的DMA传输完成标志
Hardware\FFT_ADC.c: 9 warnings, 0 errors
linking...
Program Size: Code=16486 RO-data=2306 RW-data=600 ZI-data=7392  
".\Objects\stm32fft.axf" - 0 Error(s), 12 Warning(s).
Build Time Elapsed:  00:00:02
