C51 COMPILER V9.60.0.0   AT24C02                                                           06/26/2022 14:20:14 PAGE 1   


C51 COMPILER V9.60.0.0, COMPILATION OF MODULE AT24C02
OBJECT MODULE PLACED IN .\Objects\AT24C02.obj
COMPILER INVOKED BY: D:\KeilMDKArm\C51\BIN\C51.EXE Hardware\AT24C02.c OPTIMIZE(8,SPEED) BROWSE DEBUG OBJECTEXTEND PRINT(
                    -.\Listings\AT24C02.lst) TABS(2) OBJECT(.\Objects\AT24C02.obj)

line level    source

   1          #include <STC15F2K60S2.H>
*** WARNING C318 IN LINE 1 OF Hardware\AT24C02.c: can't open file 'STC15F2K60S2.H'
   2          #include "Delay.h"
   3          #include "IIC.h"
   4          sbit AT24C02_WP = P2^1;
*** ERROR C202 IN LINE 4 OF Hardware\AT24C02.c: 'P2': undefined identifier
   5          unsigned char AT24C02_WriteData(unsigned char Address,unsigned char Data)
   6          {
   7   1        unsigned char t;
   8   1        AT24C02_WP = 0;
*** ERROR C202 IN LINE 8 OF Hardware\AT24C02.c: 'AT24C02_WP': undefined identifier
   9   1        IIC_Start();
  10   1        IIC_SendByte(0xAE);
  11   1        IIC_ReceiveAck();
  12   1        IIC_SendByte(Address);
  13   1        IIC_ReceiveAck();
  14   1        IIC_SendByte(Data);
  15   1        t =IIC_ReceiveAck();
  16   1        IIC_Stop();
  17   1        Delay(100);
  18   1        return  t;
  19   1      }
  20          //写和读延时5ms
  21          unsigned char AT24C02_ReadData(unsigned char Address)
  22          {
  23   1        unsigned char Temp;
  24   1        IIC_Start();
  25   1        IIC_SendByte(0xAE);
  26   1        IIC_ReceiveAck();
  27   1        IIC_SendByte(Address);
  28   1        IIC_ReceiveAck();
  29   1        IIC_Start();
  30   1        IIC_SendByte(0xAF);
  31   1        IIC_ReceiveAck();
  32   1        Temp = IIC_ReadByte(1);
  33   1        return Temp;
  34   1      }
  35          void AT24C02_Init()
  36          {
  37   1        IIC_Init();
  38   1        AT24C02_WP = 0;
*** ERROR C202 IN LINE 38 OF Hardware\AT24C02.c: 'AT24C02_WP': undefined identifier
  39   1      }

C51 COMPILATION COMPLETE.  1 WARNING(S),  3 ERROR(S)
