C51 COMPILER V9.60.0.0   BREATH                                                            06/26/2022 13:43:19 PAGE 1   


C51 COMPILER V9.60.0.0, COMPILATION OF MODULE BREATH
OBJECT MODULE PLACED IN .\Objects\Breath.obj
COMPILER INVOKED BY: D:\KeilMDKArm\C51\BIN\C51.EXE Hardware\Breath.c OPTIMIZE(8,SPEED) BROWSE DEBUG OBJECTEXTEND PRINT(.
                    -\Listings\Breath.lst) TABS(2) OBJECT(.\Objects\Breath.obj)

line level    source

   1          #include <STC15F2K60S2.H>
*** WARNING C318 IN LINE 1 OF Hardware\Breath.c: can't open file 'STC15F2K60S2.H'
   2          
   3          //LED
   4          sbit LED = P4^0;
*** ERROR C202 IN LINE 4 OF Hardware\Breath.c: 'P4': undefined identifier
   5          
   6          unsigned char Counter=0,Compare=0,Flag=0; //计数值和比较值，用于输出PWM
   7          unsigned int Time_Counter=0;
   8          
   9          void Breath()
  10          {
  11   1        Counter++;
  12   1        Counter%=100; //计数值变化范围限制在0~99
  13   1        Time_Counter++;
  14   1        Time_Counter%=200; //每20ms改变一次Compare的值
  15   1        if(Time_Counter==0)
  16   1        {
  17   2          if(Flag == 0)     // Flag仅为标志位，控制Compare的增或者减
  18   2          {
  19   3            Compare++;
  20   3            if(Compare == 100)
  21   3            {
  22   4              Flag = ~Flag; // 取反达到控制的目的
  23   4            }
  24   3          }
  25   2          else
  26   2          {
  27   3            Compare--;
  28   3            if(Compare == 0)
  29   3            {
  30   4              Flag = ~Flag;
  31   4            }
  32   3          }
  33   2          
  34   2        }
  35   1        
  36   1        if(Counter<Compare) //计数值小于比较值
  37   1        {
  38   2          LED = 1;
*** ERROR C202 IN LINE 38 OF Hardware\Breath.c: 'LED': undefined identifier
  39   2        }
  40   1        else
  41   1        {
  42   2          LED = 0;
*** ERROR C202 IN LINE 42 OF Hardware\Breath.c: 'LED': undefined identifier
  43   2        }
  44   1      }

C51 COMPILATION COMPLETE.  1 WARNING(S),  3 ERROR(S)
