C51 COMPILER V9.60.0.0   DELAY                                                             06/26/2022 15:37:16 PAGE 1   


C51 COMPILER V9.60.0.0, COMPILATION OF MODULE DELAY
OBJECT MODULE PLACED IN .\Objects\Delay.obj
COMPILER INVOKED BY: D:\KeilMDKArm\C51\BIN\C51.EXE Hardware\Delay.c OMF2 OPTIMIZE(8,SPEED) BROWSE DEBUG PRINT(.\Listings
                    -\Delay.lst) TABS(2) OBJECT(.\Objects\Delay.obj)

line level    source

   1          #include "Delay.h"
   2           
   3          //延时子函数  24MHz
   4          void Delay(unsigned int xms)
   5          {
   6   1        unsigned char i, j;
   7   1        while(xms--)
   8   1        {
   9   2          i = 24;
  10   2          j = 85;
  11   2          do
  12   2          {
  13   3            while (--j);
  14   3          } while (--i);
  15   2        }
  16   1      }
  17          void Delay1us()   //@24.000MHz
  18          {
  19   1        unsigned char i;
  20   1      
  21   1        _nop_();
  22   1        _nop_();
  23   1        i = 3;
  24   1        while (--i);
  25   1      }
  26          
  27          void Delay40us()    //@24.000MHz
  28          {
  29   1        unsigned char i;
  30   1      
  31   1        _nop_();
  32   1        _nop_();
  33   1        i = 237;
  34   1        while (--i);
  35   1      }
  36          void Delay30us()    //@24.000MHz
  37          {
  38   1        unsigned char i;
  39   1      
  40   1        _nop_();
  41   1        _nop_();
  42   1        i = 177;
  43   1        while (--i);
  44   1      }
  45          void Delay2us()   //@24.000MHz
  46          {
  47   1        unsigned char i;
  48   1      
  49   1        _nop_();
  50   1        _nop_();
  51   1        i = 9;
  52   1        while (--i);
  53   1      }
  54          void Delay4us()   //@24.000MHz
C51 COMPILER V9.60.0.0   DELAY                                                             06/26/2022 15:37:16 PAGE 2   

  55          {
  56   1        unsigned char i;
  57   1      
  58   1        _nop_();
  59   1        _nop_();
  60   1        i = 21;
  61   1        while (--i);
  62   1      }
  63          void Delay5us()   //@24.000MHz
  64          {
  65   1        unsigned char i;
  66   1      
  67   1        _nop_();
  68   1        _nop_();
  69   1        i = 27;
  70   1        while (--i);
  71   1      }


MODULE INFORMATION:   STATIC OVERLAYABLE
   CODE SIZE        =     63    ----
   CONSTANT SIZE    =   ----    ----
   XDATA SIZE       =   ----    ----
   PDATA SIZE       =   ----    ----
   DATA SIZE        =   ----    ----
   IDATA SIZE       =   ----    ----
   BIT SIZE         =   ----    ----
   EDATA SIZE       =   ----    ----
   HDATA SIZE       =   ----    ----
   XDATA CONST SIZE =   ----    ----
   FAR CONST SIZE   =   ----    ----
END OF MODULE INFORMATION.


C51 COMPILATION COMPLETE.  0 WARNING(S),  0 ERROR(S)
