C51 COMPILER V9.60.0.0   MAIN                                                              06/26/2022 15:41:46 PAGE 1   


C51 COMPILER V9.60.0.0, COMPILATION OF MODULE MAIN
OBJECT MODULE PLACED IN .\Objects\main.obj
COMPILER INVOKED BY: D:\KeilMDKArm\C51\BIN\C51.EXE main.c OMF2 OPTIMIZE(8,SPEED) BROWSE DEBUG PRINT(.\Listings\main.lst)
                    - TABS(2) OBJECT(.\Objects\main.obj)

line level    source

   1          #include "main.h"
   2          #include ".\Hardware\Delay.h" /* 意思是当前目录的Hardware目录下的Delay.h文件 */
   3          #include ".\Hardware\MatrixKey.h"
   4          #include ".\Hardware\SPIOled.h"
   5          #include ".\Hardware\Timer1.h"
   6          void main()
   7          {
   8   1      unsigned char Key=0;
   9   1        OLED_Init();
  10   1        Timer1Init();
  11   1        while (1)
  12   1        {
  13   2          Key=1;
  14   2          if(Key)
  15   2          OLED_Printf(1, 1, "%d",Key);
  16   2          LED = 1;
  17   2          Delay(1000);
  18   2          LED = 0;
  19   2          Delay(1000);
  20   2        }
  21   1      }


MODULE INFORMATION:   STATIC OVERLAYABLE
   CODE SIZE        =     51    ----
   CONSTANT SIZE    =      3    ----
   XDATA SIZE       =   ----    ----
   PDATA SIZE       =   ----    ----
   DATA SIZE        =   ----       1
   IDATA SIZE       =   ----    ----
   BIT SIZE         =   ----    ----
   EDATA SIZE       =   ----    ----
   HDATA SIZE       =   ----    ----
   XDATA CONST SIZE =   ----    ----
   FAR CONST SIZE   =   ----    ----
END OF MODULE INFORMATION.


C51 COMPILATION COMPLETE.  0 WARNING(S),  0 ERROR(S)
