C51 COMPILER V9.60.0.0   TIMER1                                                            06/26/2022 15:53:24 PAGE 1   


C51 COMPILER V9.60.0.0, COMPILATION OF MODULE TIMER1
OBJECT MODULE PLACED IN .\Objects\Timer1.obj
COMPILER INVOKED BY: D:\KeilMDKArm\C51\BIN\C51.EXE Hardware\Timer1.c OMF2 OPTIMIZE(8,SPEED) BROWSE DEBUG PRINT(.\Listing
                    -s\Timer1.lst) TABS(2) OBJECT(.\Objects\Timer1.obj)

line level    source

   1          #include ".\Library\STC15F.H"
   2          #include ".\Hardware\MatrixKey.h"
   3          void Timer1Init(void)   //1毫秒@24.000MHz
   4          {
   5   1        AUXR |= 0x40;   //定时器时钟1T模式
   6   1        TMOD &= 0x0F;   //设置定时器模式
   7   1        TL1 = 0x40;   //设置定时初始值
   8   1        TH1 = 0xA2;   //设置定时初始值
   9   1        TF1 = 0;    //清除TF1标志
  10   1        TR1 = 1;    //定时器1开始计时
  11   1        ET1 = 1;
  12   1        EA = 1;
  13   1      }
  14          void Timer1_Routine() interrupt 3 //1MS
  15          {
  16   1        static unsigned int T1Count1,T1Count2;
  17   1        TL0 = 0x40;   //设置定时初值
  18   1        TH0 = 0xA2;   //设置定时初值
  19   1        T1Count1++;
  20   1        T1Count2++;
  21   1        if(T1Count1>=10)
  22   1        {
  23   2          T1Count1 = 0;
  24   2          MatrixKey_Loop();
  25   2        } 
  26   1        if(T1Count2>=500)
  27   1        {
  28   2          T1Count2 = 0;
  29   2        } 
  30   1      }


MODULE INFORMATION:   STATIC OVERLAYABLE
   CODE SIZE        =    139    ----
   CONSTANT SIZE    =   ----    ----
   XDATA SIZE       =   ----    ----
   PDATA SIZE       =   ----    ----
   DATA SIZE        =      4    ----
   IDATA SIZE       =   ----    ----
   BIT SIZE         =   ----    ----
   EDATA SIZE       =   ----    ----
   HDATA SIZE       =   ----    ----
   XDATA CONST SIZE =   ----    ----
   FAR CONST SIZE   =   ----    ----
END OF MODULE INFORMATION.


C51 COMPILATION COMPLETE.  0 WARNING(S),  0 ERROR(S)
